latform::statics[0m[2m:[0m slots live time in gbs: 5712360gbs, slot live currently: 1068
[2m2023-08-10T08:51:06.869783Z[0m [32m INFO[0m [2mserverless_sim::platform::statics[0m[2m:[0m start time: 2023-08-10 15:49:02
[2m2023-08-10T08:51:06.869915Z[0m [32m INFO[0m [2mserverless_sim::platform::statics[0m[2m:[0m invocation time: total 2421s, execution: 1976s, schedule: 431s, idle: 14s
[2m2023-08-10T08:51:06.869954Z[0m [32m INFO[0m [2mserverless_sim::platform::statics[0m[2m:[0m total requests : 3139, failed: 0
[2m2023-08-10T08:51:06.873354Z[0m [32m INFO[0m [2mserverless_sim::platform::statics[0m[2m:[0m slots live time in gbs: 5722436gbs, slot live currently: 1068
[2m2023-08-10T08:51:16.909438Z[0m [32m INFO[0m [2mserverless_sim::platform::statics[0m[2m:[0m start time: 2023-08-10 15:49:02
[2m2023-08-10T08:51:16.909562Z[0m [32m INFO[0m [2mserverless_sim::platform::statics[0m[2m:[0m invocation time: total 2421s, execution: 1976s, schedule: 431s, idle: 14s
[2m2023-08-10T08:51:16.909618Z[0m [32m INFO[0m [2mserverless_sim::platform::statics[0m[2m:[0m total requests : 3139, failed: 0
[2m2023-08-10T08:51:16.913069Z[0m [32m INFO[0m [2mserverless_sim::platform::statics[0m[2m:[0m slots live time in gbs: 5732512gbs, slot live currently: 1068
[2m2023-08-10T08:51:26.950133Z[0m [32m INFO[0m [2mserverless_sim::platform::statics[0m[2m:[0m start time: 2023-08-10 15:49:02
[2m2023-08-10T08:51:26.950211Z[0m [32m INFO[0m [2mserverless_sim::platform::statics[0m[2m:[0m invocation time: total 2421s, execution: 1976s, schedule: 431s, idle: 14s
[2m2023-08-10T08:51:26.950238Z[0m [32m INFO[0m [2mserverless_sim::platform::statics[0m[2m:[0m total requests : 3139, failed: 0
[2m2023-08-10T08:51:26.953751Z[0m [32m INFO[0m [2mserverless_sim::platform::statics[0m[2m:[0m slots live time in gbs: 5742589gbs, slot live currently: 1068
[2m2023-08-10T08:51:36.988632Z[0m [32m INFO[0m [2mserverless_sim::platform::statics[0m[2m:[0m start time: 2023-08-10 15:49:02
[2m2023-08-10T08:51:36.988733Z[0m [32m INFO[0m [2mserverless_sim::platform::statics[0m[2m:[0m invocation time: total 2421s, execution: 1976s, schedule: 431s, idle: 14s
[2m2023-08-10T08:51:36.988756Z[0m [32m INFO[0m [2mserverless_sim::platform::statics[0m[2m:[0m total requests : 3139, failed: 0
[2m2023-08-10T08:51:36.992216Z[0m [32m INFO[0m [2mserverless_sim::platform::statics[0m[2m:[0m slots live time in gbs: 5752664gbs, slot live currently: 1068
[2m2023-08-10T08:51:47.026935Z[0m [32m INFO[0m [2mserverless_sim::platform::statics[0m[2m:[0m start time: 2023-08-10 15:49:02
[2m2023-08-10T08:51:47.027082Z[0m [32m INFO[0m [2mserverless_sim::platform::statics[0m[2m:[0m invocation time: total 2421s, execution: 1976s, schedule: 431s, idle: 14s
[2m2023-08-10T08:51:47.027109Z[0m [32m INFO[0m [2mserverless_sim::platform::statics[0m[2m:[0m total requests : 3139, failed: 0
[2m2023-08-10T08:51:47.030507Z[0m [32m INFO[0m [2mserverless_sim::platform::statics[0m[2m:[0m slots live time in gbs: 5762739gbs, slot live currently: 1068
[2m2023-08-10T08:51:57.065069Z[0m [32m INFO[0m [2mserverless_sim::platform::statics[0m[2m:[0m start time: 2023-08-10 15:49:02
[2m2023-08-10T08:51:57.065187Z[0m [32m INFO[0m [2mserverless_sim::platform::statics[0m[2m:[0m invocation time: total 2421s, execution: 1976s, schedule: 431s, idle: 14s
[2m2023-08-10T08:51:57.065224Z[0m [32m INFO[0m [2mserverless_sim::platform::statics[0m[2m:[0m total requests : 3139, failed: 0
[2m2023-08-10T08:51:57.068612Z[0m [32m INFO[0m [2mserverless_sim::platform::statics[0m[2m:[0m slots live time in gbs: 5772813gbs, slot live currently: 1068
[2m2023-08-10T08:52:07.103389Z[0m [32m INFO[0m [2mserverless_sim::platform::statics[0m[2m:[0m start time: 2023-08-10 15:49:02
[2m2023-08-10T08:52:07.103472Z[0m [32m INFO[0m [2mserverless_sim::platform::statics[0m[2m:[0m invocation time: total 2421s, execution: 1976s, schedule: 431s, idle: 14s
[2m2023-08-10T08:52:07.103496Z[0m [32m INFO[0m [2mserverless_sim::platform::statics[0m[2m:[0m total requests : 3139, failed: 0
[2m2023-08-10T08:52:07.106912Z[0m [32m INFO[0m [2mserverless_sim::platform::statics[0m[2m:[0m slots live time in gbs: 5782888gbs, slot live currently: 1068
[2m2023-08-10T08:52:17.142864Z[0m [32m INFO[0m [2mserverless_sim::platform::statics[0m[2m:[0m start time: 2023-08-10 15:49:02
[2m2023-08-10T08:52:17.142955Z[0m [32m INFO[0m [2mserverless_sim::platform::statics[0m[2m:[0m invocation time: total 2421s, execution: 1976s, schedule: 431s, idle: 14s
[2m2023-08-10T08:52:17.143014Z[0m [32m INFO[0m [2mserverless_sim::platform::statics[0m[2m:[0m total requests : 3139, failed: 0
[2m2023-08-10T08:52:17.146410Z[0m [32m INFO[0m [2mserverless_sim::platform::statics[0m[2m:[0m slots live time in gbs: 5792964gbs, slot live currently: 1068
[2m2023-08-10T08:52:27.182013Z[0m [32m INFO[0m [2mserverless_sim::platform::statics[0m[2m:[0m start time: 2023-08-10 15:49:02
[2m2023-08-10T08:52:27.182134Z[0m [32m INFO[0m [2mserverless_sim::platform::statics[0m[2m:[0m invocation time: total 2421s, execution: 1976s, schedule: 431s, idle: 14s
[2m2023-08-10T08:52:27.182156Z[0m [32m INFO[0m [2mserverless_sim::platform::statics[0m[2m:[0m total requests : 3139, failed: 0
[2m2023-08-10T08:52:27.185484Z[0m [32m INFO[0m [2mserverless_sim::platform::statics[0m[2m:[0m slots live time in gbs: 5803039gbs, slot live currently: 1068
[2m2023-08-10T08:52:37.219735Z[0m [32m INFO[0m [2mserverless_sim::platform::statics[0m[2m:[0m start time: 2023-08-10 15:49:02
[2m2023-08-10T08:52:37.219979Z[0m [32m INFO[0m [2mserverless_sim::platform::statics[0m[2m:[0m invocation time: total 2421s, execution: 1976s, schedule: 431s, idle: 14s
[2m2023-08-10T08:52:37.220015Z[0m [32m INFO[0m [2mserverless_sim::platform::statics[0m[2m:[0m total requests : 3139, failed: 0
[2m2023-08-10T08:52:37.223411Z[0m [32m INFO[0m [2mserverless_sim::platform::statics[0m[2m:[0m slots live time in gbs: 5813113gbs, slot live currently: 1068
[2m2023-08-10T08:52:47.259507Z[0m [32m INFO[0m [2mserverless_sim::platform::statics[0m[2m:[0m start time: 2023-08-10 15:49:02
[2m2023-08-10T08:52:47.259588Z[0m [32m INFO[0m [2mserverless_sim::platform::statics[0m[2m:[0m invocation time: total 2421s, execution: 1976s, schedule: 431s, idle: 14s
[2m2023-08-10T08:52:47.259613Z[0m [32m INFO[0m [2mserverless_sim::platform::statics[0m[2m:[0m total requests : 3139, failed: 0
[2m2023-08-10T08:52:47.263021Z[0m [32m INFO[0m [2mserverless_sim::platform::statics[0m[2m:[0m slots live time in gbs: 5823189gbs, slot live currently: 1068
[2m2023-08-10T08:52:57.298006Z[0m [32m INFO[0m [2mserverless_sim::platform::statics[0m[2m:[0m start time: 2023-08-10 15:49:02
[2m2023-08-10T08:52:57.298089Z[0m [32m INFO[0m [2mserverless_sim::platform::statics[0m[2m:[0m invocation time: total 2421s, execution: 1976s, schedule: 431s, idle: 14s
[2m2023-08-10T08:52:57.298115Z[0m [32m INFO[0m [2mserverless_sim::platform::statics[0m[2m:[0m total requests : 3139, failed: 0
[2m2023-08-10T08:52:57.301642Z[0m [32m INFO[0m [2mserverless_sim::platform::statics[0m[2m:[0m slots live time in gbs: 5833265gbs, slot live currently: 1068
[2m2023-08-10T08:53:07.336289Z[0m [32m INFO[0m [2mserverless_sim::platform::statics[0m[2m:[0m start time: 2023-08-10 15:49:02
[2m2023-08-10T08:53:07.336371Z[0m [32m INFO[0m [2mserverless_sim::platform::statics[0m[2m:[0m invocation time: total 2421s, execution: 1976s, schedule: 431s, idle: 14s
[2m2023-08-10T08:53:07.336397Z[0m [32m INFO[0m [2mserverless_sim::platform::statics[0m[2m:[0m total requests : 3139, failed: 0
[2m2023-08-10T08:53:07.339797Z[0m [32m INFO[0m [2mserverless_sim::platform::statics[0m[2m:[0m slots live time in gbs: 5843339gbs, slot live currently: 1068
[2m2023-08-10T08:53:17.374766Z[0m [32m INFO[0m [2mserverless_sim::platform::statics[0m[2m:[0m start time: 2023-08-10 15:49:02
[2m2023-08-10T08:53:17.374857Z[0m [32m INFO[0m [2mserverless_sim::platform::statics[0m[2m:[0m invocation time: total 2421s, execution: 1976s, schedule: 431s, idle: 14s
[2m2023-08-10T08:53:17.374879Z[0m [32m INFO[0m [2mserverless_sim::platform::statics[0m[2m:[0m total requests : 3139, failed: 0
[2m2023-08-10T08:53:17.378310Z[0m [32m INFO[0m [2mserverless_sim::platform::statics[0m[2m:[0m slots live time in gbs: 5853414gbs, slot live currently: 1068
[2m2023-08-10T08:53:27.413307Z[0m [32m INFO[0m [2mserverless_sim::platform::statics[0m[2m:[0m start time: 2023-08-10 15:49:02
[2m2023-08-10T08:53:27.413439Z[0m [32m INFO[0m [2mserverless_sim::platform::statics[0m[2m:[0m invocation time: total 2421s, execution: 1976s, schedule: 431s, idle: 14s
[2m2023-08-10T08:53:27.413496Z[0m [32m INFO[0m [2mserverless_sim::platform::statics[0m[2m:[0m total requests : 3139, failed: 0
[2m2023-08-10T08:53:27.416963Z[0m [32m INFO[0m [2mserverless_sim::platform::statics[0m[2m:[0m slots live time in gbs: 5863489gbs, slot live currently: 1068
[2m2023-08-10T08:53:37.452178Z[0m [32m INFO[0m [2mserverless_sim::platform::statics[0m[2m:[0m start time: 2023-08-10 15:49:02
[2m2023-08-10T08:53:37.452259Z[0m [32m INFO[0m [2mserverless_sim::platform::statics[0m[2m:[0m invocation time: total 2421s, execution: 1976s, schedule: 431s, idle: 14s
[2m2023-08-10T08:53:37.452396Z[0m [32m INFO[0m [2mserverless_sim::platform::statics[0m[2m:[0m total requests : 3139, failed: 0
[2m2023-08-10T08:53:37.455883Z[0m [32m INFO[0m [2mserverless_sim::platform::statics[0m[2m:[0m slots live time in gbs: 5873564gbs, slot live currently: 1068
[2m2023-08-10T08:53:47.491451Z[0m [32m INFO[0m [2mserverless_sim::platform::statics[0m[2m:[0m start time: 2023-08-10 15:49:02
[2m2023-08-10T08:53:47.491576Z[0m [32m INFO[0m [2mserverless_sim::platform::statics[0m[2m:[0m invocation time: total 2421s, execution: 1976s, schedule: 431s, idle: 14s
[2m2023-08-10T08:53:47.491646Z[0m [32m INFO[0m [2mserverless_sim::platform::statics[0m[2m:[0m total requests : 3139, failed: 0
[2m2023-08-10T08:53:47.495077Z[0m [32m INFO[0m [2mserverless_sim::platform::statics[0m[2m:[0m slots live time in gbs: 5883640gbs, slot live currently: 1068
[2m2023-08-10T08:53:57.530559Z[0m [32m INFO[0m [2mserverless_sim::platform::statics[0m[2m:[0m start time: 2023-08-10 15:49:02
[2m2023-08-10T08:53:57.530715Z[0m [32m INFO[0m [2mserverless_sim::platform::statics[0m[2m:[0m invocation time: total 2421s, execution: 1976s, schedule: 431s, idle: 14s
[2m2023-08-10T08:53:57.530739Z[0m [32m INFO[0m [2mserverless_sim::platform::statics[0m[2m:[0m total requests : 3139, failed: 0
[2m2023-08-10T08:53:57.534277Z[0m [32m INFO[0m [2mserverless_sim::platform::statics[0m[2m:[0m slots live time in gbs: 5893715gbs, slot live currently: 1068
[2m2023-08-10T08:54:07.569275Z[0m [32m INFO[0m [2mserverless_sim::platform::statics[0m[2m:[0m start time: 2023-08-10 15:49:02
[2m2023-08-10T08:54:07.569460Z[0m [32m INFO[0m [2mserverless_sim::platform::statics[0m[2m:[0m invocation time: total 2421s, execution: 1976s, schedule: 431s, idle: 14s
[2m2023-08-10T08:54:07.569486Z[0m [32m INFO[0m [2mserverless_sim::platform::statics[0m[2m:[0m total requests : 3139, failed: 0
[2m2023-08-10T08:54:07.572880Z[0m [32m INFO[0m [2mserverless_sim::platform::statics[0m[2m:[0m slots live time in gbs: 5903790gbs, slot live currently: 1068
[2m2023-08-10T08:54:17.608718Z[0m [32m INFO[0m [2mserverless_sim::platform::statics[0m[2m:[0m start time: 2023-08-10 15:49:02
[2m2023-08-10T08:54:17.608844Z[0m [32m INFO[0m [2mserverless_sim::platform::statics[0m[2m:[0m invocation time: total 2421s, execution: 1976s, schedule: 431s, idle: 14s
[2m2023-08-10T08:54:17.608940Z[0m [32m INFO[0m [2mserverless_sim::platform::statics[0m[2m:[0m total requests : 3139, failed: 0
[2m2023-08-10T08:54:17.612427Z[0m [32m INFO[0m [2mserverless_sim::platform::statics[0m[2m:[0m slots live time in gbs: 5913866gbs, slot live currently: 1068
[2m2023-08-10T08:54:27.648274Z[0m [32m INFO[0m [2mserverless_sim::platform::statics[0m[2m:[0m start time: 2023-08-10 15:49:02
[2m2023-08-10T08:54:27.648392Z[0m [32m INFO[0m [2mserverless_sim::platform::statics[0m[2m:[0m invocation time: total 2421s, execution: 1976s, schedule: 431s, idle: 14s
[2m2023-08-10T08:54:27.648450Z[0m [32m INFO[0m [2mserverless_sim::platform::statics[0m[2m:[0m total requests : 3139, failed: 0
[2m2023-08-10T08:54:27.651936Z[0m [32m INFO[0m [2mserverless_sim::platform::statics[0m[2m:[0m slots live time in gbs: 5923942gbs, slot live currently: 1068
[2m2023-08-10T08:54:37.686688Z[0m [32m INFO[0m [2mserverless_sim::platform::statics[0m[2m:[0m start time: 2023-08-10 15:49:02
[2m2023-08-10T08:54:37.686806Z[0m [32m INFO[0m [2mserverless_sim::platform::statics[0m[2m:[0m invocation time: total 2421s, execution: 1976s, schedule: 431s, idle: 14s
[2m2023-08-10T08:54:37.686829Z[0m [32m INFO[0m [2mserverless_sim::platform::statics[0m[2m:[0m total requests : 3139, failed: 0
[2m2023-08-10T08:54:37.690296Z[0m [32m INFO[0m [2mserverless_sim::platform::statics[0m[2m:[0m slots live time in gbs: 5934017gbs, slot live currently: 1068
[2m2023-08-10T08:54:47.725574Z[0m [32m INFO[0m [2mserverless_sim::platform::statics[0m[2m:[0m start time: 2023-08-10 15:49:02
[2m2023-08-10T08:54:47.725721Z[0m [32m INFO[0m [2mserverless_sim::platform::statics[0m[2m:[0m invocation time: total 2421s, execution: 1976s, schedule: 431s, idle: 14s
[2m2023-08-10T08:54:47.725770Z[0m [32m INFO[0m [2mserverless_sim::platform::statics[0m[2m:[0m total requests : 3139, failed: 0
[2m2023-08-10T08:54:47.729280Z[0m [32m INFO[0m [2mserverless_sim::platform::statics[0m[2m:[0m slots live time in gbs: 5944092gbs, slot live currently: 1068
[2m2023-08-10T08:54:57.764044Z[0m [32m INFO[0m [2mserverless_sim::platform::statics[0m[2m:[0m start time: 2023-08-10 15:49:02
[2m2023-08-10T08:54:57.764170Z[0m [32m INFO[0m [2mserverless_sim::platform::statics[0m[2m:[0m invocation time: total 2421s, execution: 1976s, schedule: 431s, idle: 14s
[2m2023-08-10T08:54:57.764209Z[0m [32m INFO[0m [2mserverless_sim::platform::statics[0m[2m:[0m total requests : 3139, failed: 0
[2m2023-08-10T08:54:57.767599Z[0m [32m INFO[0m [2mserverless_sim::platform::statics[0m[2m:[0m slots live time in gbs: 5954167gbs, slot live currently: 1068
[2m2023-08-10T08:55:07.804934Z[0m [32m INFO[0m [2mserverless_sim::platform::statics[0m[2m:[0m start time: 2023-08-10 15:49:02
[2m2023-08-10T08:55:07.805061Z[0m [32m INFO[0m [2mserverless_sim::platform::statics[0m[2m:[0m invocation time: total 2421s, execution: 1976s, schedule: 431s, idle: 14s
[2m2023-08-10T08:55:07.805120Z[0m [32m INFO[0m [2mserverless_sim::platform::statics[0m[2m:[0m total requests : 3139, failed: 0
[2m2023-08-10T08:55:07.808576Z[0m [32m INFO[0m [2mserverless_sim::platform::statics[0m[2m:[0m slots live time in gbs: 5964244gbs, slot live currently: 1068
[2m2023-08-10T08:55:17.843776Z[0m [32m INFO[0m [2mserverless_sim::platform::statics[0m[2m:[0m start time: 2023-08-10 15:49:02
[2m2023-08-10T08:55:17.843861Z[0m [32m INFO[0m [2mserverless_sim::platform::statics[0m[2m:[0m invocation time: total 2421s, execution: 1976s, schedule: 431s, idle: 14s
[2m2023-08-10T08:55:17.843893Z[0m [32m INFO[0m [2mserverless_sim::platform::statics[0m[2m:[0m total requests : 3139, failed: 0
[2m2023-08-10T08:55:17.847295Z[0m [32m INFO[0m [2mserverless_sim::platform::statics[0m[2m:[0m slots live time in gbs: 5974320gbs, slot live currently: 1068
[2m2023-08-10T08:55:27.882227Z[0m [32m INFO[0m [2mserverless_sim::platform::statics[0m[2m:[0m start time: 2023-08-10 15:49:02
[2m2023-08-10T08:55:27.882355Z[0m [32m INFO[0m [2mserverless_sim::platform::statics[0m[2m:[0m invocation time: total 2421s, execution: 1976s, schedule: 431s, idle: 14s
[2m2023-08-10T08:55:27.882392Z[0m [32m INFO[0m [2mserverless_sim::platform::statics[0m[2m:[0m total requests : 3139, failed: 0
[2m2023-08-10T08:55:27.885792Z[0m [32m INFO[0m [2mserverless_sim::platform::statics[0m[2m:[0m slots live time in gbs: 5984395gbs, slot live currently: 1068
[2m2023-08-10T08:55:37.920734Z[0m [32m INFO[0m [2mserverless_sim::platform::statics[0m[2m:[0m start time: 2023-08-10 15:49:02
[2m2023-08-10T08:55:37.920815Z[0m [32m INFO[0m [2mserverless_sim::platform::statics[0m[2m:[0m invocation time: total 2421s, execution: 1976s, schedule: 431s, idle: 14s
[2m2023-08-10T08:55:37.920839Z[0m [32m INFO[0m [2mserverless_sim::platform::statics[0m[2m:[0m total requests : 3139, failed: 0
[2m2023-08-10T08:55:37.924321Z[0m [32m INFO[0m [2mserverless_sim::platform::statics[0m[2m:[0m slots live time in gbs: 5994469gbs, slot live currently: 1068
[2m2023-08-10T08:55:47.959712Z[0m [32m INFO[0m [2mserverless_sim::platform::statics[0m[2m:[0m start time: 2023-08-10 15:49:02
[2m2023-08-10T08:55:47.959839Z[0m [32m INFO[0m [2mserverless_sim::platform::statics[0m[2m:[0m invocation time: total 2421s, execution: 1976s, schedule: 431s, idle: 14s
[2m2023-08-10T08:55:47.959875Z[0m [32m INFO[0m [2mserverless_sim::platform::statics[0m[2m:[0m total requests : 3139, failed: 0
[2m2023-08-10T08:55:47.963399Z[0m [32m INFO[0m [2mserverless_sim::platform::statics[0m[2m:[0m slots live time in gbs: 6004545gbs, slot live currently: 1068
[2m2023-08-10T08:55:58.000168Z[0m [32m INFO[0m [2mserverless_sim::platform::statics[0m[2m:[0m start time: 2023-08-10 15:49:02
[2m2023-08-10T08:55:58.000307Z[0m [32m INFO[0m [2mserverless_sim::platform::statics[0m[2m:[0m invocation time: total 2421s, execution: 1976s, schedule: 431s, idle: 14s
[2m2023-08-10T08:55:58.000390Z[0m [32m INFO[0m [2mserverless_sim::platform::statics[0m[2m:[0m total requests : 3139, failed: 0
[2m2023-08-10T08:55:58.003849Z[0m [32m INFO[0m [2mserverless_sim::platform::statics[0m[2m:[0m slots live time in gbs: 6014622gbs, slot live currently: 1068
[2m2023-08-10T08:56:08.039288Z[0m [32m INFO[0m [2mserverless_sim::platform::statics[0m[2m:[0m start time: 2023-08-10 15:49:02
[2m2023-08-10T08:56:08.039418Z[0m [32m INFO[0m [2mserverless_sim::platform::statics[0m[2m:[0m invocation time: total 2421s, execution: 1976s, schedule: 431s, idle: 14s
[2m2023-08-10T08:56:08.039484Z[0m [32m INFO[0m [2mserverless_sim::platform::statics[0m[2m:[0m total requests : 3139, failed: 0
[2m2023-08-10T08:56:08.042937Z[0m [32m INFO[0m [2mserverless_sim::platform::statics[0m[2m:[0m slots live time in gbs: 6024697gbs, slot live currently: 1068
[2m2023-08-10T08:56:18.078512Z[0m [32m INFO[0m [2mserverless_sim::platform::statics[0m[2m:[0m start time: 2023-08-10 15:49:02
[2m2023-08-10T08:56:18.078631Z[0m [32m INFO[0m [2mserverless_sim::platform::statics[0m[2m:[0m invocation time: total 2421s, execution: 1976s, schedule: 431s, idle: 14s
[2m2023-08-10T08:56:18.078688Z[0m [32m INFO[0m [2mserverless_sim::platform::statics[0m[2m:[0m total requests : 3139, failed: 0
[2m2023-08-10T08:56:18.082168Z[0m [32m INFO[0m [2mserverless_sim::platform::statics[0m[2m:[0m slots live time in gbs: 6034773gbs, slot live currently: 1068
[2m2023-08-10T08:56:28.117322Z[0m [32m INFO[0m [2mserverless_sim::platform::statics[0m[2m:[0m start time: 2023-08-10 15:49:02
[2m2023-08-10T08:56:28.117405Z[0m [32m INFO[0m [2mserverless_sim::platform::statics[0m[2m:[0m invocation time: total 2421s, execution: 1976s, schedule: 431s, idle: 14s
[2m2023-08-10T08:56:28.117430Z[0m [32m INFO[0m [2mserverless_sim::platform::statics[0m[2m:[0m total requests : 3139, failed: 0
[2m2023-08-10T08:56:28.120857Z[0m [32m INFO[0m [2mserverless_sim::platform::statics[0m[2m:[0m slots live time in gbs: 6044848gbs, slot live currently: 1068
[2m2023-08-10T08:56:38.155826Z[0m [32m INFO[0m [2mserverless_sim::platform::statics[0m[2m:[0m start time: 2023-08-10 15:49:02
[2m2023-08-10T08:56:38.155955Z[0m [32m INFO[0m [2mserverless_sim::platform::statics[0m[2m:[0m invocation time: total 2421s, execution: 1976s, schedule: 431s, idle: 14s
[2m2023-08-10T08:56:38.156012Z[0m [32m INFO[0m [2mserverless_sim::platform::statics[0m[2m:[0m total requests : 3139, failed: 0
[2m2023-08-10T08:56:38.159439Z[0m [32m INFO[0m [2mserverless_sim::platform::statics[0m[2m:[0m slots live time in gbs: 6054923gbs, slot live currently: 1068
[2m2023-08-10T08:56:48.195122Z[0m [32m INFO[0m [2mserverless_sim::platform::statics[0m[2m:[0m start time: 2023-08-10 15:49:02
[2m2023-08-10T08:56:48.195226Z[0m [32m INFO[0m [2mserverless_sim::platform::statics[0m[2m:[0m invocation time: total 2421s, execution: 1976s, schedule: 431s, idle: 14s
[2m2023-08-10T08:56:48.195251Z[0m [32m INFO[0m [2mserverless_sim::platform::statics[0m[2m:[0m total requests : 3139, failed: 0
[2m2023-08-10T08:56:48.198687Z[0m [32m INFO[0m [2mserverless_sim::platform::statics[0m[2m:[0m slots live time in gbs: 6064999gbs, slot live currently: 1068
[2m2023-08-10T08:56:58.234051Z[0m [32m INFO[0m [2mserverless_sim::platform::statics[0m[2m:[0m start time: 2023-08-10 15:49:02
[2m2023-08-10T08:56:58.234189Z[0m [32m INFO[0m [2mserverless_sim::platform::statics[0m[2m:[0m invocation time: total 2421s, execution: 1976s, schedule: 431s, idle: 14s
[2m2023-08-10T08:56:58.234252Z[0m [32m INFO[0m [2mserverless_sim::platform::statics[0m[2m:[0m total requests : 3139, failed: 0
[2m2023-08-10T08:56:58.237711Z[0m [32m INFO[0m [2mserverless_sim::platform::statics[0m[2m:[0m slots live time in gbs: 6075074gbs, slot live currently: 1068
[2m2023-08-10T08:57:08.273003Z[0m [32m INFO[0m [2mserverless_sim::platform::statics[0m[2m:[0m start time: 2023-08-10 15:49:02
[2m2023-08-10T08:57:08.273085Z[0m [32m INFO[0m [2mserverless_sim::platform::statics[0m[2m:[0m invocation time: total 2421s, execution: 1976s, schedule: 431s, idle: 14s
[2m2023-08-10T08:57:08.273223Z[0m [32m INFO[0m [2mserverless_sim::platform::statics[0m[2m:[0m total requests : 3139, failed: 0
[2m2023-08-10T08:57:08.276765Z[0m [32m INFO[0m [2mserverless_sim::platform::statics[0m[2m:[0m slots live time in gbs: 6085149gbs, slot live currently: 1068
[2m2023-08-10T08:57:18.312984Z[0m [32m INFO[0m [2mserverless_sim::platform::statics[0m[2m:[0m start time: 2023-08-10 15:49:02
[2m2023-08-10T08:57:18.313110Z[0m [32m INFO[0m [2mserverless_sim::platform::statics[0m[2m:[0m invocation time: total 2421s, execution: 1976s, schedule: 431s, idle: 14s
[2m2023-08-10T08:57:18.313149Z[0m [32m INFO[0m [2mserverless_sim::platform::statics[0m[2m:[0m total requests : 3139, failed: 0
[2m2023-08-10T08:57:18.316561Z[0m [32m INFO[0m [2mserverless_sim::platform::statics[0m[2m:[0m slots live time in gbs: 6095226gbs, slot live currently: 1068
[2m2023-08-10T08:57:28.351681Z[0m [32m INFO[0m [2mserverless_sim::platform::statics[0m[2m:[0m start time: 2023-08-10 15:49:02
[2m2023-08-10T08:57:28.351784Z[0m [32m INFO[0m [2mserverless_sim::platform::statics[0m[2m:[0m invocation time: total 2421s, execution: 1976s, schedule: 431s, idle: 14s
[2m2023-08-10T08:57:28.351840Z[0m [32m INFO[0m [2mserverless_sim::platform::statics[0m[2m:[0m total requests : 3139, failed: 0
[2m2023-08-10T08:57:28.355273Z[0m [32m INFO[0m [2mserverless_sim::platform::statics[0m[2m:[0m slots live time in gbs: 6105301gbs, slot live currently: 1068
[2m2023-08-10T08:57:38.390559Z[0m [32m INFO[0m [2mserverless_sim::platform::statics[0m[2m:[0m start time: 2023-08-10 15:49:02
[2m2023-08-10T08:57:38.390705Z[0m [32m INFO[0m [2mserverless_sim::platform::statics[0m[2m:[0m invocation time: total 2421s, execution: 1976s, schedule: 431s, idle: 14s
[2m2023-08-10T08:57:38.390761Z[0m [32m INFO[0m [2mserverless_sim::platform::statics[0m[2m:[0m total requests : 3139, failed: 0
[2m2023-08-10T08:57:38.394197Z[0m [32m INFO[0m [2mserverless_sim::platform::statics[0m[2m:[0m slots live time in gbs: 6115376gbs, slot live currently: 1068
[2m2023-08-10T08:57:48.429446Z[0m [32m INFO[0m [2mserverless_sim::platform::statics[0m[2m:[0m start time: 2023-08-10 15:49:02
[2m2023-08-10T08:57:48.429529Z[0m [32m INFO[0m [2mserverless_sim::platform::statics[0m[2m:[0m invocation time: total 2421s, execution: 1976s, schedule: 431s, idle: 14s
[2m2023-08-10T08:57:48.429552Z[0m [32m INFO[0m [2mserverless_sim::platform::statics[0m[2m:[0m total requests : 3139, failed: 0
[2m2023-08-10T08:57:48.433007Z[0m [32m INFO[0m [2mserverless_sim::platform::statics[0m[2m:[0m slots live time in gbs: 6125451gbs, slot live currently: 1068
[2m2023-08-10T08:57:58.467756Z[0m [32m INFO[0m [2mserverless_sim::platform::statics[0m[2m:[0m start time: 2023-08-10 15:49:02
[2m2023-08-10T08:57:58.467838Z[0m [32m INFO[0m [2mserverless_sim::platform::statics[0m[2m:[0m invocation time: total 2421s, execution: 1976s, schedule: 431s, idle: 14s
[2m2023-08-10T08:57:58.467910Z[0m [32m INFO[0m [2mserverless_sim::platform::statics[0m[2m:[0m total requests : 3139, failed: 0
[2m2023-08-10T08:57:58.471329Z[0m [32m INFO[0m [2mserverless_sim::platform::statics[0m[2m:[0m slots live time in gbs: 6135526gbs, slot live currently: 1068
[2m2023-08-10T08:58:08.506862Z[0m [32m INFO[0m [2mserverless_sim::platform::statics[0m[2m:[0m start time: 2023-08-10 15:49:02
[2m2023-08-10T08:58:08.507065Z[0m [32m INFO[0m [2mserverless_sim::platform::statics[0m[2m:[0m invocation time: total 2421s, execution: 1976s, schedule: 431s, idle: 14s
[2m2023-08-10T08:58:08.507135Z[0m [32m INFO[0m [2mserverless_sim::platform::statics[0m[2m:[0m total requests : 3139, failed: 0
[2m2023-08-10T08:58:08.510642Z[0m [32m INFO[0m [2mserverless_sim::platform::statics[0m[2m:[0m slots live time in gbs: 6145602gbs, slot live currently: 1068
[2m2023-08-10T08:58:18.547059Z[0m [32m INFO[0m [2mserverless_sim::platform::statics[0m[2m:[0m start time: 2023-08-10 15:49:02
[2m2023-08-10T08:58:18.547182Z[0m [32m INFO[0m [2mserverless_sim::platform::statics[0m[2m:[0m invocation time: total 2421s, execution: 1976s, schedule: 431s, idle: 14s
[2m2023-08-10T08:58:18.547205Z[0m [32m INFO[0m [2mserverless_sim::platform::statics[0m[2m:[0m total requests : 3139, failed: 0
[2m2023-08-10T08:58:18.550588Z[0m [32m INFO[0m [2mserverless_sim::platform::statics[0m[2m:[0m slots live time in gbs: 6155678gbs, slot live currently: 1068
[2m2023-08-10T08:58:28.585936Z[0m [32m INFO[0m [2mserverless_sim::platform::statics[0m[2m:[0m start time: 2023-08-10 15:49:02
[2m2023-08-10T08:58:28.586057Z[0m [32m INFO[0m [2mserverless_sim::platform::statics[0m[2m:[0m invocation time: total 2421s, execution: 1976s, schedule: 431s, idle: 14s
[2m2023-08-10T08:58:28.586080Z[0m [32m INFO[0m [2mserverless_sim::platform::statics[0m[2m:[0m total requests : 3139, failed: 0
[2m2023-08-10T08:58:28.589511Z[0m [32m INFO[0m [2mserverless_sim::platform::statics[0m[2m:[0m slots live time in gbs: 6165753gbs, slot live currently: 1068
[2m2023-08-10T08:58:38.625345Z[0m [32m INFO[0m [2mserverless_sim::platform::statics[0m[2m:[0m start time: 2023-08-10 15:49:02
[2m2023-08-10T08:58:38.625450Z[0m [32m INFO[0m [2mserverless_sim::platform::statics[0m[2m:[0m invocation time: total 2421s, execution: 1976s, schedule: 431s, idle: 14s
[2m2023-08-10T08:58:38.625475Z[0m [32m INFO[0m [2mserverless_sim::platform::statics[0m[2m:[0m total requests : 3139, failed: 0
[2m2023-08-10T08:58:38.628974Z[0m [32m INFO[0m [2mserverless_sim::platform::statics[0m[2m:[0m slots live time in gbs: 6175829gbs, slot live currently: 1068
[2m2023-08-10T08:58:48.664474Z[0m [32m INFO[0m [2mserverless_sim::platform::statics[0m[2m:[0m start time: 2023-08-10 15:49:02
[2m2023-08-10T08:58:48.664594Z[0m [32m INFO[0m [2mserverless_sim::platform::statics[0m[2m:[0m invocation time: total 2421s, execution: 1976s, schedule: 431s, idle: 14s
[2m2023-08-10T08:58:48.664617Z[0m [32m INFO[0m [2mserverless_sim::platform::statics[0m[2m:[0m total requests : 3139, failed: 0
[2m2023-08-10T08:58:48.668094Z[0m [32m INFO[0m [2mserverless_sim::platform::statics[0m[2m:[0m slots live time in gbs: 6185905gbs, slot live currently: 1068
[2m2023-08-10T08:58:58.703475Z[0m [32m INFO[0m [2mserverless_sim::platform::statics[0m[2m:[0m start time: 2023-08-10 15:49:02
[2m2023-08-10T08:58:58.703557Z[0m [32m INFO[0m [2mserverless_sim::platform::statics[0m[2m:[0m invocation time: total 2421s, execution: 1976s, schedule: 431s, idle: 14s
[2m2023-08-10T08:58:58.703582Z[0m [32m INFO[0m [2mserverless_sim::platform::statics[0m[2m:[0m total requests : 3139, failed: 0
[2m2023-08-10T08:58:58.707003Z[0m [32m INFO[0m [2mserverless_sim::platform::statics[0m[2m:[0m slots live time in gbs: 6195980gbs, slot live currently: 1068
[2m2023-08-10T08:59:08.741512Z[0m [32m INFO[0m [2mserverless_sim::platform::statics[0m[2m:[0m start time: 2023-08-10 15:49:02
[2m2023-08-10T08:59:08.741635Z[0m [32m INFO[0m [2mserverless_sim::platform::statics[0m[2m:[0m invocation time: total 2421s, execution: 1976s, schedule: 431s, idle: 14s
[2m2023-08-10T08:59:08.741698Z[0m [32m INFO[0m [2mserverless_sim::platform::statics[0m[2m:[0m total requests : 3139, failed: 0
[2m2023-08-10T08:59:08.745148Z[0m [32m INFO[0m [2mserverless_sim::platform::statics[0m[2m:[0m slots live time in gbs: 6206054gbs, slot live currently: 1068
[2m2023-08-10T08:59:18.781235Z[0m [32m INFO[0m [2mserverless_sim::platform::statics[0m[2m:[0m start time: 2023-08-10 15:49:02
[2m2023-08-10T08:59:18.781352Z[0m [32m INFO[0m [2mserverless_sim::platform::statics[0m[2m:[0m invocation time: total 2421s, execution: 1976s, schedule: 431s, idle: 14s
[2m2023-08-10T08:59:18.781390Z[0m [32m INFO[0m [2mserverless_sim::platform::statics[0m[2m:[0m total requests : 3139, failed: 0
[2m2023-08-10T08:59:18.784788Z[0m [32m INFO[0m [2mserverless_sim::platform::statics[0m[2m:[0m slots live time in gbs: 6216131gbs, slot live currently: 1068
[2m2023-08-10T08:59:28.819544Z[0m [32m INFO[0m [2mserverless_sim::platform::statics[0m[2m:[0m start time: 2023-08-10 15:49:02
[2m2023-08-10T08:59:28.819720Z[0m [32m INFO[0m [2mserverless_sim::platform::statics[0m[2m:[0m invocation time: total 2421s, execution: 1976s, schedule: 431s, idle: 14s
[2m2023-08-10T08:59:28.819744Z[0m [32m INFO[0m [2mserverless_sim::platform::statics[0m[2m:[0m total requests : 3139, failed: 0
[2m2023-08-10T08:59:28.823150Z[0m [32m INFO[0m [2mserverless_sim::platform::statics[0m[2m:[0m slots live time in gbs: 6226205gbs, slot live currently: 1068
[2m2023-08-10T08:59:38.858410Z[0m [32m INFO[0m [2mserverless_sim::platform::statics[0m[2m:[0m start time: 2023-08-10 15:49:02
[2m2023-08-10T08:59:38.858491Z[0m [32m INFO[0m [2mserverless_sim::platform::statics[0m[2m:[0m invocation time: total 2421s, execution: 1976s, schedule: 431s, idle: 14s
[2m2023-08-10T08:59:38.858550Z[0m [32m INFO[0m [2mserverless_sim::platform::statics[0m[2m:[0m total requests : 3139, failed: 0
[2m2023-08-10T08:59:38.862099Z[0m [32m INFO[0m [2mserverless_sim::platform::statics[0m[2m:[0m slots live time in gbs: 6236281gbs, slot live currently: 1068
[2m2023-08-10T08:59:48.910561Z[0m [32m INFO[0m [2mserverless_sim::platform::statics[0m[2m:[0m start time: 2023-08-10 15:49:02
[2m2023-08-10T08:59:48.910710Z[0m [32m INFO[0m [2mserverless_sim::platform::statics[0m[2m:[0m invocation time: total 2421s, execution: 1976s, schedule: 431s, idle: 14s
[2m2023-08-10T08:59:48.910749Z[0m [32m INFO[0m [2mserverless_sim::platform::statics[0m[2m:[0m total requests : 3139, failed: 0
[2m2023-08-10T08:59:48.914185Z[0m [32m INFO[0m [2mserverless_sim::platform::statics[0m[2m:[0m slots live time in gbs: 6246369gbs, slot live currently: 1068
[2m2023-08-10T08:59:58.953249Z[0m [32m INFO[0m [2mserverless_sim::platform::statics[0m[2m:[0m start time: 2023-08-10 15:49:02
[2m2023-08-10T08:59:58.953331Z[0m [32m INFO[0m [2mserverless_sim::platform::statics[0m[2m:[0m invocation time: total 2421s, execution: 1976s, schedule: 431s, idle: 14s
[2m2023-08-10T08:59:58.953355Z[0m [32m INFO[0m [2mserverless_sim::platform::statics[0m[2m:[0m total requests : 3139, failed: 0
[2m2023-08-10T08:59:58.956729Z[0m [32m INFO[0m [2mserverless_sim::platform::statics[0m[2m:[0m slots live time in gbs: 6256448gbs, slot live currently: 1068
[2m2023-08-10T09:00:08.991363Z[0m [32m INFO[0m [2mserverless_sim::platform::statics[0m[2m:[0m start time: 2023-08-10 15:49:02
[2m2023-08-10T09:00:08.991446Z[0m [32m INFO[0m [2mserverless_sim::platform::statics[0m[2m:[0m invocation time: total 2421s, execution: 1976s, schedule: 431s, idle: 14s
[2m2023-08-10T09:00:08.991469Z[0m [32m INFO[0m [2mserverless_sim::platform::statics[0m[2m:[0m total requests : 3139, failed: 0
[2m2023-08-10T09:00:08.994932Z[0m [32m INFO[0m [2mserverless_sim::platform::statics[0m[2m:[0m slots live time in gbs: 6266523gbs, slot live currently: 1068
[2m2023-08-10T09:00:19.029746Z[0m [32m INFO[0m [2mserverless_sim::platform::statics[0m[2m:[0m start time: 2023-08-10 15:49:02
[2m2023-08-10T09:00:19.029827Z[0m [32m INFO[0m [2mserverless_sim::platform::statics[0m[2m:[0m invocation time: total 2421s, execution: 1976s, schedule: 431s, idle: 14s
[2m2023-08-10T09:00:19.029850Z[0m [32m INFO[0m [2mserverless_sim::platform::statics[0m[2m:[0m total requests : 3139, failed: 0
[2m2023-08-10T09:00:19.033211Z[0m [32m INFO[0m [2mserverless_sim::platform::statics[0m[2m:[0m slots live time in gbs: 6276597gbs, slot live currently: 1068
[2m2023-08-10T09:00:29.069112Z[0m [32m INFO[0m [2mserverless_sim::platform::statics[0m[2m:[0m start time: 2023-08-10 15:49:02
[2m2023-08-10T09:00:29.069236Z[0m [32m INFO[0m [2mserverless_sim::platform::statics[0m[2m:[0m invocation time: total 2421s, execution: 1976s, schedule: 431s, idle: 14s
[2m2023-08-10T09:00:29.069296Z[0m [32m INFO[0m [2mserverless_sim::platform::statics[0m[2m:[0m total requests : 3139, failed: 0
[2m2023-08-10T09:00:29.072774Z[0m [32m INFO[0m [2mserverless_sim::platform::statics[0m[2m:[0m slots live time in gbs: 6286673gbs, slot live currently: 1068
[2m2023-08-10T09:00:39.107704Z[0m [32m INFO[0m [2mserverless_sim::platform::statics[0m[2m:[0m start time: 2023-08-10 15:49:02
[2m2023-08-10T09:00:39.107813Z[0m [32m INFO[0m [2mserverless_sim::platform::statics[0m[2m:[0m invocation time: total 2421s, execution: 1976s, schedule: 431s, idle: 14s
[2m2023-08-10T09:00:39.107882Z[0m [32m INFO[0m [2mserverless_sim::platform::statics[0m[2m:[0m total requests : 3139, failed: 0
[2m2023-08-10T09:00:39.111306Z[0m [32m INFO[0m [2mserverless_sim::platform::statics[0m[2m:[0m slots live time in gbs: 6296748gbs, slot live currently: 1068
[2m2023-08-10T09:00:49.147082Z[0m [32m INFO[0m [2mserverless_sim::platform::statics[0m[2m:[0m start time: 2023-08-10 15:49:02
[2m2023-08-10T09:00:49.147164Z[0m [32m INFO[0m [2mserverless_sim::platform::statics[0m[2m:[0m invocation time: total 2421s, execution: 1976s, schedule: 431s, idle: 14s
[2m2023-08-10T09:00:49.147190Z[0m [32m INFO[0m [2mserverless_sim::platform::statics[0m[2m:[0m total requests : 3139, failed: 0
[2m2023-08-10T09:00:49.150560Z[0m [32m INFO[0m [2mserverless_sim::platform::statics[0m[2m:[0m slots live time in gbs: 6306824gbs, slot live currently: 1068
[2m2023-08-10T09:00:59.186625Z[0m [32m INFO[0m [2mserverless_sim::platform::statics[0m[2m:[0m start time: 2023-08-10 15:49:02
[2m2023-08-10T09:00:59.186716Z[0m [32m INFO[0m [2mserverless_sim::platform::statics[0m[2m:[0m invocation time: total 2421s, execution: 1976s, schedule: 431s, idle: 14s
[2m2023-08-10T09:00:59.186737Z[0m [32m INFO[0m [2mserverless_sim::platform::statics[0m[2m:[0m total requests : 3139, failed: 0
[2m2023-08-10T09:00:59.190143Z[0m [32m INFO[0m [2mserverless_sim::platform::statics[0m[2m:[0m slots live time in gbs: 6316900gbs, slot live currently: 1068
[2m2023-08-10T09:01:09.225952Z[0m [32m INFO[0m [2mserverless_sim::platform::statics[0m[2m:[0m start time: 2023-08-10 15:49:02
[2m2023-08-10T09:01:09.226032Z[0m [32m INFO[0m [2mserverless_sim::platform::statics[0m[2m:[0m invocation time: total 2421s, execution: 1976s, schedule: 431s, idle: 14s
[2m2023-08-10T09:01:09.226055Z[0m [32m INFO[0m [2mserverless_sim::platform::statics[0m[2m:[0m total requests : 3139, failed: 0
[2m2023-08-10T09:01:09.229472Z[0m [32m INFO[0m [2mserverless_sim::platform::statics[0m[2m:[0m slots live time in gbs: 6326976gbs, slot live currently: 1068
[2m2023-08-10T09:01:19.266204Z[0m [32m INFO[0m [2mserverless_sim::platform::statics[0m[2m:[0m start time: 2023-08-10 15:49:02
[2m2023-08-10T09:01:19.266282Z[0m [32m INFO[0m [2mserverless_sim::platform::statics[0m[2m:[0m invocation time: total 2421s, execution: 1976s, schedule: 431s, idle: 14s
[2m2023-08-10T09:01:19.266309Z[0m [32m INFO[0m [2mserverless_sim::platform::statics[0m[2m:[0m total requests : 3139, failed: 0
[2m2023-08-10T09:01:19.269953Z[0m [32m INFO[0m [2mserverless_sim::platform::statics[0m[2m:[0m slots live time in gbs: 6337052gbs, slot live currently: 1068
[2m2023-08-10T09:01:29.305540Z[0m [32m INFO[0m [2mserverless_sim::platform::statics[0m[2m:[0m start time: 2023-08-10 15:49:02
[2m2023-08-10T09:01:29.305621Z[0m [32m INFO[0m [2mserverless_sim::platform::statics[0m[2m:[0m invocation time: total 2421s, execution: 1976s, schedule: 431s, idle: 14s
[2m2023-08-10T09:01:29.305688Z[0m [32m INFO[0m [2mserverless_sim::platform::statics[0m[2m:[0m total requests : 3139, failed: 0
[2m2023-08-10T09:01:29.309162Z[0m [32m INFO[0m [2mserverless_sim::platform::statics[0m[2m:[0m slots live time in gbs: 6347128gbs, slot live currently: 1068
[2m2023-08-10T09:01:39.346210Z[0m [32m INFO[0m [2mserverless_sim::platform::statics[0m[2m:[0m start time: 2023-08-10 15:49:02
[2m2023-08-10T09:01:39.346288Z[0m [32m INFO[0m [2mserverless_sim::platform::statics[0m[2m:[0m invocation time: total 2421s, execution: 1976s, schedule: 431s, idle: 14s
[2m2023-08-10T09:01:39.346308Z[0m [32m INFO[0m [2mserverless_sim::platform::statics[0m[2m:[0m total requests : 3139, failed: 0
[2m2023-08-10T09:01:39.349782Z[0m [32m INFO[0m [2mserverless_sim::platform::statics[0m[2m:[0m slots live time in gbs: 6357205gbs, slot live currently: 1068
[2m2023-08-10T09:01:49.385310Z[0m [32m INFO[0m [2mserverless_sim::platform::statics[0m[2m:[0m start time: 2023-08-10 15:49:02
[2m2023-08-10T09:01:49.385390Z[0m [32m INFO[0m [2mserverless_sim::platform::statics[0m[2m:[0m invocation time: total 2421s, execution: 1976s, schedule: 431s, idle: 14s
[2m2023-08-10T09:01:49.385412Z[0m [32m INFO[0m [2mserverless_sim::platform::statics[0m[2m:[0m total requests : 3139, failed: 0
[2m2023-08-10T09:01:49.388841Z[0m [32m INFO[0m [2mserverless_sim::platform::statics[0m[2m:[0m slots live time in gbs: 6367281gbs, slot live currently: 1068
[2m2023-08-10T09:01:59.424673Z[0m [32m INFO[0m [2mserverless_sim::platform::statics[0m[2m:[0m start time: 2023-08-10 15:49:02
[2m2023-08-10T09:01:59.424750Z[0m [32m INFO[0m [2mserverless_sim::platform::statics[0m[2m:[0m invocation time: total 2421s, execution: 1976s, schedule: 431s, idle: 14s
[2m2023-08-10T09:01:59.424772Z[0m [32m INFO[0m [2mserverless_sim::platform::statics[0m[2m:[0m total requests : 3139, failed: 0
[2m2023-08-10T09:01:59.428145Z[0m [32m INFO[0m [2mserverless_sim::platform::statics[0m[2m:[0m slots live time in gbs: 6377356gbs, slot live currently: 1068
[2m2023-08-10T09:02:09.464477Z[0m [32m INFO[0m [2mserverless_sim::platform::statics[0m[2m:[0m start time: 2023-08-10 15:49:02
[2m2023-08-10T09:02:09.464599Z[0m [32m INFO[0m [2mserverless_sim::platform::statics[0m[2m:[0m invocation time: total 2421s, execution: 1976s, schedule: 431s, idle: 14s
[2m2023-08-10T09:02:09.464623Z[0m [32m INFO[0m [2mserverless_sim::platform::statics[0m[2m:[0m total requests : 3139, failed: 0
[2m2023-08-10T09:02:09.468101Z[0m [32m INFO[0m [2mserverless_sim::platform::statics[0m[2m:[0m slots live time in gbs: 6387433gbs, slot live currently: 1068
[2m2023-08-10T09:02:13.652209Z[0m [32m INFO[0m [2mserverless_sim::platform::statics[0m[2m:[0m start time: 2023-08-10 15:49:02
[2m2023-08-10T09:02:13.652284Z[0m [32m INFO[0m [2mserverless_sim::platform::statics[0m[2m:[0m invocation time: total 2421s, execution: 1976s, schedule: 431s, idle: 14s
[2m2023-08-10T09:02:13.652302Z[0m [32m INFO[0m [2mserverless_sim::platform::statics[0m[2m:[0m total requests : 3139, failed: 0
[2m2023-08-10T09:02:13.656099Z[0m [32m INFO[0m [2mserverless_sim::platform::statics[0m[2m:[0m slots live time in gbs: 6391636gbs, slot live currently: 1068
[2m2023-08-10T09:02:19.502997Z[0m [32m INFO[0m [2mserverless_sim::platform::statics[0m[2m:[0m start time: 2023-08-10 15:49:02
[2m2023-08-10T09:02:19.503116Z[0m [32m INFO[0m [2mserverless_sim::platform::statics[0m[2m:[0m invocation time: total 2421s, execution: 1976s, schedule: 431s, idle: 14s
[2m2023-08-10T09:02:19.503152Z[0m [32m INFO[0m [2mserverless_sim::platform::statics[0m[2m:[0m total requests : 3139, failed: 0
[2m2023-08-10T09:02:19.506723Z[0m [32m INFO[0m [2mserverless_sim::platform::statics[0m[2m:[0m slots live time in gbs: 6397508gbs, slot live currently: 1068
[2m2023-08-10T09:02:29.541530Z[0m [32m INFO[0m [2mserverless_sim::platform::statics[0m[2m:[0m start time: 2023-08-10 15:49:02
[2m2023-08-10T09:02:29.541683Z[0m [32m INFO[0m [2mserverless_sim::platform::statics[0m[2m:[0m invocation time: total 2421s, execution: 1976s, schedule: 431s, idle: 14s
[2m2023-08-10T09:02:29.541726Z[0m [32m INFO[0m [2mserverless_sim::platform::statics[0m[2m:[0m total requests : 3139, failed: 0
[2m2023-08-10T09:02:29.545125Z[0m [32m INFO[0m [2mserverless_sim::platform::statics[0m[2m:[0m slots live time in gbs: 6407582gbs, slot live currently: 1068
[2m2023-08-10T09:02:39.579916Z[0m [32m INFO[0m [2mserverless_sim::platform::statics[0m[2m:[0m start time: 2023-08-10 15:49:02
[2m2023-08-10T09:02:39.580042Z[0m [32m INFO[0m [2mserverless_sim::platform::statics[0m[2m:[0m invocation time: total 2421s, execution: 1976s, schedule: 431s, idle: 14s
[2m2023-08-10T09:02:39.580066Z[0m [32m INFO[0m [2mserverless_sim::platform::statics[0m[2m:[0m total requests : 3139, failed: 0
[2m2023-08-10T09:02:39.583472Z[0m [32m INFO[0m [2mserverless_sim::platform::statics[0m[2m:[0m slots live time in gbs: 6417657gbs, slot live currently: 1068
[2m2023-08-10T09:02:49.619650Z[0m [32m INFO[0m [2mserverless_sim::platform::statics[0m[2m:[0m start time: 2023-08-10 15:49:02
[2m2023-08-10T09:02:49.619753Z[0m [32m INFO[0m [2mserverless_sim::platform::statics[0m[2m:[0m invocation time: total 2421s, execution: 1976s, schedule: 431s, idle: 14s
[2m2023-08-10T09:02:49.619774Z[0m [32m INFO[0m [2mserverless_sim::platform::statics[0m[2m:[0m total requests : 3139, failed: 0
[2m2023-08-10T09:02:49.623283Z[0m [32m INFO[0m [2mserverless_sim::platform::statics[0m[2m:[0m slots live time in gbs: 6427733gbs, slot live currently: 1068
[2m2023-08-10T09:02:59.658781Z[0m [32m INFO[0m [2mserverless_sim::platform::statics[0m[2m:[0m start time: 2023-08-10 15:49:02
[2m2023-08-10T09:02:59.658878Z[0m [32m INFO[0m [2mserverless_sim::platform::statics[0m[2m:[0m invocation time: total 2421s, execution: 1976s, schedule: 431s, idle: 14s
[2m2023-08-10T09:02:59.658903Z[0m [32m INFO[0m [2mserverless_sim::platform::statics[0m[2m:[0m total requests : 3139, failed: 0
[2m2023-08-10T09:02:59.662275Z[0m [32m INFO[0m [2mserverless_sim::platform::statics[0m[2m:[0m slots live time in gbs: 6437809gbs, slot live currently: 1068
[2m2023-08-10T09:03:09.697399Z[0m [32m INFO[0m [2mserverless_sim::platform::statics[0m[2m:[0m start time: 2023-08-10 15:49:02
[2m2023-08-10T09:03:09.697484Z[0m [32m INFO[0m [2mserverless_sim::platform::statics[0m[2m:[0m invocation time: total 2421s, execution: 1976s, schedule: 431s, idle: 14s
[2m2023-08-10T09:03:09.697510Z[0m [32m INFO[0m [2mserverless_sim::platform::statics[0m[2m:[0m total requests : 3139, failed: 0
[2m2023-08-10T09:03:09.700924Z[0m [32m INFO[0m [2mserverless_sim::platform::statics[0m[2m:[0m slots live time in gbs: 6447884gbs, slot live currently: 1068
[2m2023-08-10T09:03:19.737170Z[0m [32m INFO[0m [2mserverless_sim::platform::statics[0m[2m:[0m start time: 2023-08-10 15:49:02
[2m2023-08-10T09:03:19.737253Z[0m [32m INFO[0m [2mserverless_sim::platform::statics[0m[2m:[0m invocation time: total 2421s, execution: 1976s, schedule: 431s, idle: 14s
[2m2023-08-10T09:03:19.737272Z[0m [32m INFO[0m [2mserverless_sim::platform::statics[0m[2m:[0m total requests : 3139, failed: 0
[2m2023-08-10T09:03:19.741222Z[0m [32m INFO[0m [2mserverless_sim::platform::statics[0m[2m:[0m slots live time in gbs: 6457960gbs, slot live currently: 1068
[2m2023-08-10T09:03:29.776680Z[0m [32m INFO[0m [2mserverless_sim::platform::statics[0m[2m:[0m start time: 2023-08-10 15:49:02
[2m2023-08-10T09:03:29.776763Z[0m [32m INFO[0m [2mserverless_sim::platform::statics[0m[2m:[0m invocation time: total 2421s, execution: 1976s, schedule: 431s, idle: 14s
[2m2023-08-10T09:03:29.776783Z[0m [32m INFO[0m [2mserverless_sim::platform::statics[0m[2m:[0m total requests : 3139, failed: 0
[2m2023-08-10T09:03:29.780183Z[0m [32m INFO[0m [2mserverless_sim::platform::statics[0m[2m:[0m slots live time in gbs: 6468036gbs, slot live currently: 1068
[2m2023-08-10T09:03:39.815304Z[0m [32m INFO[0m [2mserverless_sim::platform::statics[0m[2m:[0m start time: 2023-08-10 15:49:02
[2m2023-08-10T09:03:39.815389Z[0m [32m INFO[0m [2mserverless_sim::platform::statics[0m[2m:[0m invocation time: total 2421s, execution: 1976s, schedule: 431s, idle: 14s
[2m2023-08-10T09:03:39.815412Z[0m [32m INFO[0m [2mserverless_sim::platform::statics[0m[2m:[0m total requests : 3139, failed: 0
[2m2023-08-10T09:03:39.818820Z[0m [32m INFO[0m [2mserverless_sim::platform::statics[0m[2m:[0m slots live time in gbs: 6478111gbs, slot live currently: 1068
[2m2023-08-10T09:03:49.853430Z[0m [32m INFO[0m [2mserverless_sim::platform::statics[0m[2m:[0m start time: 2023-08-10 15:49:02
[2m2023-08-10T09:03:49.853521Z[0m [32m INFO[0m [2mserverless_sim::platform::statics[0m[2m:[0m invocation time: total 2421s, execution: 1976s, schedule: 431s, idle: 14s
[2m2023-08-10T09:03:49.853542Z[0m [32m INFO[0m [2mserverless_sim::platform::statics[0m[2m:[0m total requests : 3139, failed: 0
[2m2023-08-10T09:03:49.857256Z[0m [32m INFO[0m [2mserverless_sim::platform::statics[0m[2m:[0m slots live time in gbs: 6488185gbs, slot live currently: 1068
[2m2023-08-10T09:03:59.892402Z[0m [32m INFO[0m [2mserverless_sim::platform::statics[0m[2m:[0m start time: 2023-08-10 15:49:02
[2m2023-08-10T09:03:59.892489Z[0m [32m INFO[0m [2mserverless_sim::platform::statics[0m[2m:[0m invocation time: total 2421s, execution: 1976s, schedule: 431s, idle: 14s
[2m2023-08-10T09:03:59.892513Z[0m [32m INFO[0m [2mserverless_sim::platform::statics[0m[2m:[0m total requests : 3139, failed: 0
[2m2023-08-10T09:03:59.895958Z[0m [32m INFO[0m [2mserverless_sim::platform::statics[0m[2m:[0m slots live time in gbs: 6498261gbs, slot live currently: 1068
[2m2023-08-10T09:04:09.931443Z[0m [32m INFO[0m [2mserverless_sim::platform::statics[0m[2m:[0m start time: 2023-08-10 15:49:02
[2m2023-08-10T09:04:09.931528Z[0m [32m INFO[0m [2mserverless_sim::platform::statics[0m[2m:[0m invocation time: total 2421s, execution: 1976s, schedule: 431s, idle: 14s
[2m2023-08-10T09:04:09.931552Z[0m [32m INFO[0m [2mserverless_sim::platform::statics[0m[2m:[0m total requests : 3139, failed: 0
[2m2023-08-10T09:04:09.934960Z[0m [32m INFO[0m [2mserverless_sim::platform::statics[0m[2m:[0m slots live time in gbs: 6508336gbs, slot live currently: 1068
[2m2023-08-10T09:04:19.970471Z[0m [32m INFO[0m [2mserverless_sim::platform::statics[0m[2m:[0m start time: 2023-08-10 15:49:02
[2m2023-08-10T09:04:19.970555Z[0m [32m INFO[0m [2mserverless_sim::platform::statics[0m[2m:[0m invocation time: total 2421s, execution: 1976s, schedule: 431s, idle: 14s
[2m2023-08-10T09:04:19.970577Z[0m [32m INFO[0m [2mserverless_sim::platform::statics[0m[2m:[0m total requests : 3139, failed: 0
[2m2023-08-10T09:04:19.974007Z[0m [32m INFO[0m [2mserverless_sim::platform::statics[0m[2m:[0m slots live time in gbs: 6518412gbs, slot live currently: 1068
[2m2023-08-10T09:04:30.008876Z[0m [32m INFO[0m [2mserverless_sim::platform::statics[0m[2m:[0m start time: 2023-08-10 15:49:02
[2m2023-08-10T09:04:30.008966Z[0m [32m INFO[0m [2mserverless_sim::platform::statics[0m[2m:[0m invocation time: total 2421s, execution: 1976s, schedule: 431s, idle: 14s
[2m2023-08-10T09:04:30.008990Z[0m [32m INFO[0m [2mserverless_sim::platform::statics[0m[2m:[0m total requests : 3139, failed: 0
[2m2023-08-10T09:04:30.012395Z[0m [32m INFO[0m [2mserverless_sim::platform::statics[0m[2m:[0m slots live time in gbs: 6528486gbs, slot live currently: 1068
[2m2023-08-10T09:04:40.047800Z[0m [32m INFO[0m [2mserverless_sim::platform::statics[0m[2m:[0m start time: 2023-08-10 15:49:02
[2m2023-08-10T09:04:40.047896Z[0m [32m INFO[0m [2mserverless_sim::platform::statics[0m[2m:[0m invocation time: total 2421s, execution: 1976s, schedule: 431s, idle: 14s
[2m2023-08-10T09:04:40.047917Z[0m [32m INFO[0m [2mserverless_sim::platform::statics[0m[2m:[0m total requests : 3139, failed: 0
[2m2023-08-10T09:04:40.051309Z[0m [32m INFO[0m [2mserverless_sim::platform::statics[0m[2m:[0m slots live time in gbs: 6538562gbs, slot live currently: 1068
[2m2023-08-10T09:04:50.086964Z[0m [32m INFO[0m [2mserverless_sim::platform::statics[0m[2m:[0m start time: 2023-08-10 15:49:02
[2m2023-08-10T09:04:50.087051Z[0m [32m INFO[0m [2mserverless_sim::platform::statics[0m[2m:[0m invocation time: total 2421s, execution: 1976s, schedule: 431s, idle: 14s
[2m2023-08-10T09:04:50.087074Z[0m [32m INFO[0m [2mserverless_sim::platform::statics[0m[2m:[0m total requests : 3139, failed: 0
[2m2023-08-10T09:04:50.090455Z[0m [32m INFO[0m [2mserverless_sim::platform::statics[0m[2m:[0m slots live time in gbs: 6548637gbs, slot live currently: 1068
[2m2023-08-10T09:05:00.126001Z[0m [32m INFO[0m [2mserverless_sim::platform::statics[0m[2m:[0m start time: 2023-08-10 15:49:02
[2m2023-08-10T09:05:00.126086Z[0m [32m INFO[0m [2mserverless_sim::platform::statics[0m[2m:[0m invocation time: total 2421s, execution: 1976s, schedule: 431s, idle: 14s
[2m2023-08-10T09:05:00.126108Z[0m [32m INFO[0m [2mserverless_sim::platform::statics[0m[2m:[0m total requests : 3139, failed: 0
[2m2023-08-10T09:05:00.129497Z[0m [32m INFO[0m [2mserverless_sim::platform::statics[0m[2m:[0m slots live time in gbs: 6558713gbs, slot live currently: 1068
[2m2023-08-10T09:05:01.447541Z[0m [32m INFO[0m [2mserverless_sim::platform::statics[0m[2m:[0m start time: 2023-08-10 15:49:02
[2m2023-08-10T09:05:01.447623Z[0m [32m INFO[0m [2mserverless_sim::platform::statics[0m[2m:[0m invocation time: total 2421s, execution: 1976s, schedule: 431s, idle: 14s
[2m2023-08-10T09:05:01.447643Z[0m [32m INFO[0m [2mserverless_sim::platform::statics[0m[2m:[0m total requests : 3139, failed: 0
[2m2023-08-10T09:05:01.451316Z[0m [32m INFO[0m [2mserverless_sim::platform::statics[0m[2m:[0m slots live time in gbs: 6560039gbs, slot live currently: 1068
[2m2023-08-10T09:05:10.164320Z[0m [32m INFO[0m [2mserverless_sim::platform::statics[0m[2m:[0m start time: 2023-08-10 15:49:02
[2m2023-08-10T09:05:10.164400Z[0m [32m INFO[0m [2mserverless_sim::platform::statics[0m[2m:[0m invocation time: total 2421s, execution: 1976s, schedule: 431s, idle: 14s
[2m2023-08-10T09:05:10.164422Z[0m [32m INFO[0m [2mserverless_sim::platform::statics[0m[2m:[0m total requests : 3139, failed: 0
[2m2023-08-10T09:05:10.167806Z[0m [32m INFO[0m [2mserverless_sim::platform::statics[0m[2m:[0m slots live time in gbs: 6568787gbs, slot live currently: 1068
[2m2023-08-10T09:05:20.202788Z[0m [32m INFO[0m [2mserverless_sim::platform::statics[0m[2m:[0m start time: 2023-08-10 15:49:02
[2m2023-08-10T09:05:20.202883Z[0m [32m INFO[0m [2mserverless_sim::platform::statics[0m[2m:[0m invocation time: total 2421s, execution: 1976s, schedule: 431s, idle: 14s
[2m2023-08-10T09:05:20.202910Z[0m [32m INFO[0m [2mserverless_sim::platform::statics[0m[2m:[0m total requests : 3139, failed: 0
[2m2023-08-10T09:05:20.206279Z[0m [32m INFO[0m [2mserverless_sim::platform::statics[0m[2m:[0m slots live time in gbs: 6578862gbs, slot live currently: 1068
[2m2023-08-10T09:05:30.243825Z[0m [32m INFO[0m [2mserverless_sim::platform::statics[0m[2m:[0m start time: 2023-08-10 15:49:02
[2m2023-08-10T09:05:30.243919Z[0m [32m INFO[0m [2mserverless_sim::platform::statics[0m[2m:[0m invocation time: total 2421s, execution: 1976s, schedule: 431s, idle: 14s
[2m2023-08-10T09:05:30.243939Z[0m [32m INFO[0m [2mserverless_sim::platform::statics[0m[2m:[0m total requests : 3139, failed: 0
[2m2023-08-10T09:05:30.247318Z[0m [32m INFO[0m [2mserverless_sim::platform::statics[0m[2m:[0m slots live time in gbs: 6588940gbs, slot live currently: 1068
[2m2023-08-10T09:05:40.283220Z[0m [32m INFO[0m [2mserverless_sim::platform::statics[0m[2m:[0m start time: 2023-08-10 15:49:02
[2m2023-08-10T09:05:40.283303Z[0m [32m INFO[0m [2mserverless_sim::platform::statics[0m[2m:[0m invocation time: total 2421s, execution: 1976s, schedule: 431s, idle: 14s
[2m2023-08-10T09:05:40.283329Z[0m [32m INFO[0m [2mserverless_sim::platform::statics[0m[2m:[0m total requests : 3139, failed: 0
[2m2023-08-10T09:05:40.286821Z[0m [32m INFO[0m [2mserverless_sim::platform::statics[0m[2m:[0m slots live time in gbs: 6599015gbs, slot live currently: 1068
[2m2023-08-10T09:05:50.322617Z[0m [32m INFO[0m [2mserverless_sim::platform::statics[0m[2m:[0m start time: 2023-08-10 15:49:02
[2m2023-08-10T09:05:50.322715Z[0m [32m INFO[0m [2mserverless_sim::platform::statics[0m[2m:[0m invocation time: total 2421s, execution: 1976s, schedule: 431s, idle: 14s
[2m2023-08-10T09:05:50.322739Z[0m [32m INFO[0m [2mserverless_sim::platform::statics[0m[2m:[0m total requests : 3139, failed: 0
[2m2023-08-10T09:05:50.326134Z[0m [32m INFO[0m [2mserverless_sim::platform::statics[0m[2m:[0m slots live time in gbs: 6609091gbs, slot live currently: 1068
[2m2023-08-10T09:06:00.362581Z[0m [32m INFO[0m [2mserverless_sim::platform::statics[0m[2m:[0m start time: 2023-08-10 15:49:02
[2m2023-08-10T09:06:00.362684Z[0m [32m INFO[0m [2mserverless_sim::platform::statics[0m[2m:[0m invocation time: total 2421s, execution: 1976s, schedule: 431s, idle: 14s
[2m2023-08-10T09:06:00.362710Z[0m [32m INFO[0m [2mserverless_sim::platform::statics[0m[2m:[0m total requests : 3139, failed: 0
[2m2023-08-10T09:06:00.366121Z[0m [32m INFO[0m [2mserverless_sim::platform::statics[0m[2m:[0m slots live time in gbs: 6619168gbs, slot live currently: 1068
[2m2023-08-10T09:06:10.401676Z[0m [32m INFO[0m [2mserverless_sim::platform::statics[0m[2m:[0m start time: 2023-08-10 15:49:02
[2m2023-08-10T09:06:10.401760Z[0m [32m INFO[0m [2mserverless_sim::platform::statics[0m[2m:[0m invocation time: total 2421s, execution: 1976s, schedule: 431s, idle: 14s
[2m2023-08-10T09:06:10.401783Z[0m [32m INFO[0m [2mserverless_sim::platform::statics[0m[2m:[0m total requests : 3139, failed: 0
[2m2023-08-10T09:06:10.405187Z[0m [32m INFO[0m [2mserverless_sim::platform::statics[0m[2m:[0m slots live time in gbs: 6629243gbs, slot live currently: 1068
[2m2023-08-10T09:06:20.440914Z[0m [32m INFO[0m [2mserverless_sim::platform::statics[0m[2m:[0m start time: 2023-08-10 15:49:02
[2m2023-08-10T09:06:20.441002Z[0m [32m INFO[0m [2mserverless_sim::platform::statics[0m[2m:[0m invocation time: total 2421s, execution: 1976s, schedule: 431s, idle: 14s
[2m2023-08-10T09:06:20.441024Z[0m [32m INFO[0m [2mserverless_sim::platform::statics[0m[2m:[0m total requests : 3139, failed: 0
[2m2023-08-10T09:06:20.444444Z[0m [32m INFO[0m [2mserverless_sim::platform::statics[0m[2m:[0m slots live time in gbs: 6639319gbs, slot live currently: 1068
[2m2023-08-10T09:06:30.480092Z[0m [32m INFO[0m [2mserverless_sim::platform::statics[0m[2m:[0m start time: 2023-08-10 15:49:02
[2m2023-08-10T09:06:30.480180Z[0m [32m INFO[0m [2mserverless_sim::platform::statics[0m[2m:[0m invocation time: total 2421s, execution: 1976s, schedule: 431s, idle: 14s
[2m2023-08-10T09:06:30.480203Z[0m [32m INFO[0m [2mserverless_sim::platform::statics[0m[2m:[0m total requests : 3139, failed: 0
[2m2023-08-10T09:06:30.483590Z[0m [32m INFO[0m [2mserverless_sim::platform::statics[0m[2m:[0m slots live time in gbs: 6649394gbs, slot live currently: 1068
[2m2023-08-10T09:06:40.519564Z[0m [32m INFO[0m [2mserverless_sim::platform::statics[0m[2m:[0m start time: 2023-08-10 15:49:02
[2m2023-08-10T09:06:40.519650Z[0m [32m INFO[0m [2mserverless_sim::platform::statics[0m[2m:[0m invocation time: total 2421s, execution: 1976s, schedule: 431s, idle: 14s
[2m2023-08-10T09:06:40.519701Z[0m [32m INFO[0m [2mserverless_sim::platform::statics[0m[2m:[0m total requests : 3139, failed: 0
[2m2023-08-10T09:06:40.523115Z[0m [32m INFO[0m [2mserverless_sim::platform::statics[0m[2m:[0m slots live time in gbs: 6659470gbs, slot live currently: 1068
[2m2023-08-10T09:06:50.560079Z[0m [32m INFO[0m [2mserverless_sim::platform::statics[0m[2m:[0m start time: 2023-08-10 15:49:02
[2m2023-08-10T09:06:50.560170Z[0m [32m INFO[0m [2mserverless_sim::platform::statics[0m[2m:[0m invocation time: total 2421s, execution: 1976s, schedule: 431s, idle: 14s
[2m2023-08-10T09:06:50.560196Z[0m [32m INFO[0m [2mserverless_sim::platform::statics[0m[2m:[0m total requests : 3139, failed: 0
[2m2023-08-10T09:06:50.563870Z[0m [32m INFO[0m [2mserverless_sim::platform::statics[0m[2m:[0m slots live time in gbs: 6669547gbs, slot live currently: 1068
[2m2023-08-10T09:07:00.600773Z[0m [32m INFO[0m [2mserverless_sim::platform::statics[0m[2m:[0m start time: 2023-08-10 15:49:02
[2m2023-08-10T09:07:00.600869Z[0m [32m INFO[0m [2mserverless_sim::platform::statics[0m[2m:[0m invocation time: total 2421s, execution: 1976s, schedule: 431s, idle: 14s
[2m2023-08-10T09:07:00.600892Z[0m [32m INFO[0m [2mserverless_sim::platform::statics[0m[2m:[0m total requests : 3139, failed: 0
[2m2023-08-10T09:07:00.604275Z[0m [32m INFO[0m [2mserverless_sim::platform::statics[0m[2m:[0m slots live time in gbs: 6679624gbs, slot live currently: 1068
[2m2023-08-10T09:07:10.642326Z[0m [32m INFO[0m [2mserverless_sim::platform::statics[0m[2m:[0m start time: 2023-08-10 15:49:02
[2m2023-08-10T09:07:10.642412Z[0m [32m INFO[0m [2mserverless_sim::platform::statics[0m[2m:[0m invocation time: total 2421s, execution: 1976s, schedule: 431s, idle: 14s
[2m2023-08-10T09:07:10.642435Z[0m [32m INFO[0m [2mserverless_sim::platform::statics[0m[2m:[0m total requests : 3139, failed: 0
[2m2023-08-10T09:07:10.645988Z[0m [32m INFO[0m [2mserverless_sim::platform::statics[0m[2m:[0m slots live time in gbs: 6689702gbs, slot live currently: 1068
[2m2023-08-10T09:07:20.680425Z[0m [32m INFO[0m [2mserverless_sim::platform::statics[0m[2m:[0m start time: 2023-08-10 15:49:02
[2m2023-08-10T09:07:20.680511Z[0m [32m INFO[0m [2mserverless_sim::platform::statics[0m[2m:[0m invocation time: total 2421s, execution: 1976s, schedule: 431s, idle: 14s
[2m2023-08-10T09:07:20.680534Z[0m [32m INFO[0m [2mserverless_sim::platform::statics[0m[2m:[0m total requests : 3139, failed: 0
[2m2023-08-10T09:07:20.684009Z[0m [32m INFO[0m [2mserverless_sim::platform::statics[0m[2m:[0m slots live time in gbs: 6699777gbs, slot live currently: 1068
[2m2023-08-10T09:07:30.718783Z[0m [32m INFO[0m [2mserverless_sim::platform::statics[0m[2m:[0m start time: 2023-08-10 15:49:02
[2m2023-08-10T09:07:30.718877Z[0m [32m INFO[0m [2mserverless_sim::platform::statics[0m[2m:[0m invocation time: total 2421s, execution: 1976s, schedule: 431s, idle: 14s
[2m2023-08-10T09:07:30.718902Z[0m [32m INFO[0m [2mserverless_sim::platform::statics[0m[2m:[0m total requests : 3139, failed: 0
[2m2023-08-10T09:07:30.722400Z[0m [32m INFO[0m [2mserverless_sim::platform::statics[0m[2m:[0m slots live time in gbs: 6709851gbs, slot live currently: 1068
[2m2023-08-10T09:07:40.757343Z[0m [32m INFO[0m [2mserverless_sim::platform::statics[0m[2m:[0m start time: 2023-08-10 15:49:02
[2m2023-08-10T09:07:40.757430Z[0m [32m INFO[0m [2mserverless_sim::platform::statics[0m[2m:[0m invocation time: total 2421s, execution: 1976s, schedule: 431s, idle: 14s
[2m2023-08-10T09:07:40.757452Z[0m [32m INFO[0m [2mserverless_sim::platform::statics[0m[2m:[0m total requests : 3139, failed: 0
[2m2023-08-10T09:07:40.760915Z[0m [32m INFO[0m [2mserverless_sim::platform::statics[0m[2m:[0m slots live time in gbs: 6719926gbs, slot live currently: 1068
[2m2023-08-10T09:07:50.795760Z[0m [32m INFO[0m [2mserverless_sim::platform::statics[0m[2m:[0m start time: 2023-08-10 15:49:02
[2m2023-08-10T09:07:50.795852Z[0m [32m INFO[0m [2mserverless_sim::platform::statics[0m[2m:[0m invocation time: total 2421s, execution: 1976s, schedule: 431s, idle: 14s
[2m2023-08-10T09:07:50.795878Z[0m [32m INFO[0m [2mserverless_sim::platform::statics[0m[2m:[0m total requests : 3139, failed: 0
[2m2023-08-10T09:07:50.799249Z[0m [32m INFO[0m [2mserverless_sim::platform::statics[0m[2m:[0m slots live time in gbs: 6730001gbs, slot live currently: 1068
[2m2023-08-10T09:07:56.192077Z[0m [32m INFO[0m [2mserverless_sim::platform::statics[0m[2m:[0m start time: 2023-08-10 15:49:02
[2m2023-08-10T09:07:56.192163Z[0m [32m INFO[0m [2mserverless_sim::platform::statics[0m[2m:[0m invocation time: total 2421s, execution: 1976s, schedule: 431s, idle: 14s
[2m2023-08-10T09:07:56.192184Z[0m [32m INFO[0m [2mserverless_sim::platform::statics[0m[2m:[0m total requests : 3139, failed: 0
[2m2023-08-10T09:07:56.195643Z[0m [32m INFO[0m [2mserverless_sim::platform::statics[0m[2m:[0m slots live time in gbs: 6735417gbs, slot live currently: 1068
[2m2023-08-10T09:08:00.834119Z[0m [32m INFO[0m [2mserverless_sim::platform::statics[0m[2m:[0m start time: 2023-08-10 15:49:02
[2m2023-08-10T09:08:00.834223Z[0m [32m INFO[0m [2mserverless_sim::platform::statics[0m[2m:[0m invocation time: total 2421s, execution: 1976s, schedule: 431s, idle: 14s
[2m2023-08-10T09:08:00.834245Z[0m [32m INFO[0m [2mserverless_sim::platform::statics[0m[2m:[0m total requests : 3139, failed: 0
[2m2023-08-10T09:08:00.837823Z[0m [32m INFO[0m [2mserverless_sim::platform::statics[0m[2m:[0m slots live time in gbs: 6740076gbs, slot live currently: 1068
Simulation finished: dataSet_3
  % Total    % Received % Xferd  Average Speed   Time    Time     Time  Current
                                 Dload  Upload   Total   Spent    Left  Speed
[2m2023-08-10T09:08:05.873188Z[0m [32m INFO[0m [2mserverless_sim::platform::statics[0m[2m:[0m start time: 2023-08-10 15:49:02
[2m2023-08-10T09:08:05.873274Z[0m [32m INFO[0m [2mserverless_sim::platform::statics[0m[2m:[0m invocation time: total 2421s, execution: 1976s, schedule: 431s, idle: 14s
[2m2023-08-10T09:08:05.873299Z[0m [32m INFO[0m [2mserverless_sim::platform::statics[0m[2m:[0m total requests : 3139, failed: 0
[2m2023-08-10T09:08:05.876672Z[0m [32m INFO[0m [2mserverless_sim::platform::statics[0m[2m:[0m slots live time in gbs: 6745133gbs, slot live currently: 1068
  0     0    0     0    0     0      0      0 --:--:-- --:--:-- --:--:--     0100   493  100   493    0     0   115k      0 --:--:-- --:--:-- --:--:--  120k
====== Contents of result_dataSet_3.txt ======
{"id":"dataSet_3","requestFilePath":"/tmp/data/dataSet_3/requests","metaFilePath":"/tmp/data/dataSet_3/metas","startTime":"2023-08-10 15:49:02","endTime":"2023-08-10 17:07:56","totalRequestsCount":3139,"failedRequestsCount":0,"successRate":1.0,"invocationLatencyInSecs":2421,"invocationExecutionTimeInSecs":1976,"invocationExecutionTimeInGBs":688,"invocationScheduleTimeInSecs":431,"invocationIdleTimeInSecs":14,"totalSlotTimeInGBs":6745133,"totalLiveSlotCount":1068,"score":40.81468279058388}
